<?xml version="1.0" encoding="UTF-8"?>
<testng-results ignored="0" total="2" passed="2" failed="0" skipped="0">
  <reporter-output>
  </reporter-output>
  <suite started-at="2022-09-23T22:04:25 GST" name="RCB Testing Suite" finished-at="2022-09-23T22:04:25 GST" duration-ms="48">
    <groups>
    </groups>
    <test started-at="2022-09-23T22:04:25 GST" name="RCB Tests for player logics" finished-at="2022-09-23T22:04:25 GST" duration-ms="48">
      <class name="com.qa.rcb.testCases.RcbLogicsTest">
        <test-method signature="foreignPlayersLogicTest()[pri:1, instance:com.qa.rcb.testCases.RcbLogicsTest@4ae3c1cd]" started-at="2022-09-23T22:04:25 GST" name="foreignPlayersLogicTest" finished-at="2022-09-23T22:04:25 GST" duration-ms="11" status="PASS">
          <reporter-output>
          </reporter-output>
        </test-method> <!-- foreignPlayersLogicTest -->
        <test-method signature="wicketKeeperLogicTest()[pri:2, instance:com.qa.rcb.testCases.RcbLogicsTest@4ae3c1cd]" started-at="2022-09-23T22:04:25 GST" name="wicketKeeperLogicTest" finished-at="2022-09-23T22:04:25 GST" duration-ms="2" status="PASS">
          <reporter-output>
          </reporter-output>
        </test-method> <!-- wicketKeeperLogicTest -->
      </class> <!-- com.qa.rcb.testCases.RcbLogicsTest -->
    </test> <!-- RCB Tests for player logics -->
  </suite> <!-- RCB Testing Suite -->
</testng-results>
