<?xml version="1.0" encoding="UTF-8"?>
<testsuite xmlns:xsi="http://www.w3.org/2001/XMLSchema-instance" xsi:noNamespaceSchemaLocation="https://maven.apache.org/surefire/maven-surefire-plugin/xsd/surefire-test-report-3.0.xsd" version="3.0" name="TestSuite" time="0.475" tests="2" errors="0" skipped="0" failures="0">
  <properties>
[...]
</properties>
  <testcase name="foreignPlayersLogicTest" classname="com.qa.rcb.testCases.RcbLogicsTest" time="0.012">
    <system-out><![CDATA[Total number of foreign players: 4
]]></system-out>
    <system-err><![CDATA[SLF4J: Failed to load class "org.slf4j.impl.StaticLoggerBinder".
SLF4J: Defaulting to no-operation (NOP) logger implementation
SLF4J: See http://www.slf4j.org/codes.html#StaticLoggerBinder for further details.
]]></system-err>
  </testcase>
  <testcase name="wicketKeeperLogicTest" classname="com.qa.rcb.testCases.RcbLogicsTest" time="0.002">
    <system-out><![CDATA[Total number of wicket-keepers : 1
]]></system-out>
  </testcase>
</testsuite>