<?xml version="1.0" encoding="UTF-8"?>
<!-- Generated by org.testng.reporters.JUnitXMLReporter -->
<testsuite ignored="0" hostname="antonys-MBP-2" failures="0" tests="2" name="RCB Tests for player logics" time="0.051" errors="0" timestamp="2022-09-24T00:13:29 GST">
  <testcase classname="com.qa.rcb.testCases.RcbLogicsTest" name="foreignPlayersLogicTest" time="0.006"/>
  <testcase classname="com.qa.rcb.testCases.RcbLogicsTest" name="wicketKeeperLogicTest" time="0.001"/>
</testsuite> <!-- RCB Tests for player logics -->
